{"name": "test_get_user_details", "status": "failed", "statusDetails": {"message": "AssertionError: assert 404 == 200", "trace": "self = <tests.api_tests.test_user.TestUser object at 0x000001D142F21690>\napi_client = <tests.api_tests.api_client.APIClient object at 0x000001D143139BD0>\n\n    def test_get_user_details(self, api_client):\n        payload= {\"email\":\"khaled123.doe@example.com\"}\n        response = api_client.get(\"/getUserDetailByEmail\", params=payload)\n        response_json = response.json()\n        print(response_json)\n>       assert response_json[\"responseCode\"] == 200\nE       assert 404 == 200\n\ntests\\api_tests\\test_user.py:72: AssertionError"}, "attachments": [{"name": "stdout", "source": "de5edb16-b1b1-4da5-ad2e-689c402f5d55-attachment.txt", "type": "text/plain"}], "start": 1741800805584, "stop": 1741800805837, "uuid": "b5ac98a2-6126-4d9b-b517-26d652dfb1ab", "historyId": "ded1875e0ae63cd5926bb12bd78ae0dc", "testCaseId": "ded1875e0ae63cd5926bb12bd78ae0dc", "fullName": "tests.api_tests.test_user.TestUser#test_get_user_details", "labels": [{"name": "parentSuite", "value": "tests.api_tests"}, {"name": "suite", "value": "test_user"}, {"name": "subSuite", "value": "TestUser"}, {"name": "host", "value": "Heisenberg"}, {"name": "thread", "value": "24532-MainThread"}, {"name": "framework", "value": "pytest"}, {"name": "language", "value": "cpython3"}, {"name": "package", "value": "tests.api_tests.test_user"}]}